<?xml version="1.0" encoding="UTF-8"?>
<testsuite xmlns:xsi="http://www.w3.org/2001/XMLSchema-instance" xsi:noNamespaceSchemaLocation="https://maven.apache.org/surefire/maven-surefire-plugin/xsd/surefire-test-report-3.0.xsd" version="3.0" name="com.epam.brest.service.rest.BandServiceRestTest" time="0.043" tests="6" errors="0" skipped="0" failures="0">
  <properties>
    <property name="sun.desktop" value="gnome"/>
    <property name="awt.toolkit" value="sun.awt.X11.XToolkit"/>
    <property name="java.specification.version" value="11"/>
    <property name="sun.cpu.isalist" value=""/>
    <property name="sun.jnu.encoding" value="UTF-8"/>
    <property name="java.class.path" value="/home/max/development/Maksim-Meliashchuk-Setlist-Organizer/service-rest/target/test-classes:/home/max/development/Maksim-Meliashchuk-Setlist-Organizer/service-rest/target/classes:/home/max/development/Maksim-Meliashchuk-Setlist-Organizer/model/target/model-1.0-SNAPSHOT.jar:/home/max/development/Maksim-Meliashchuk-Setlist-Organizer/service-api/target/service-api-1.0-SNAPSHOT.jar:/home/max/.m2/repository/org/springframework/spring-context/5.3.13/spring-context-5.3.13.jar:/home/max/.m2/repository/org/springframework/spring-aop/5.3.13/spring-aop-5.3.13.jar:/home/max/.m2/repository/org/springframework/spring-beans/5.3.13/spring-beans-5.3.13.jar:/home/max/.m2/repository/org/springframework/spring-core/5.3.13/spring-core-5.3.13.jar:/home/max/.m2/repository/org/springframework/spring-jcl/5.3.13/spring-jcl-5.3.13.jar:/home/max/.m2/repository/org/springframework/spring-expression/5.3.13/spring-expression-5.3.13.jar:/home/max/.m2/repository/org/springframework/spring-web/5.3.13/spring-web-5.3.13.jar:/home/max/.m2/repository/org/springframework/spring-webmvc/5.3.13/spring-webmvc-5.3.13.jar:/home/max/.m2/repository/javax/servlet/javax.servlet-api/4.0.1/javax.servlet-api-4.0.1.jar:/home/max/.m2/repository/com/fasterxml/jackson/core/jackson-databind/2.13.0/jackson-databind-2.13.0.jar:/home/max/.m2/repository/com/fasterxml/jackson/core/jackson-annotations/2.13.0/jackson-annotations-2.13.0.jar:/home/max/.m2/repository/com/fasterxml/jackson/core/jackson-core/2.13.0/jackson-core-2.13.0.jar:/home/max/.m2/repository/com/fasterxml/jackson/datatype/jackson-datatype-jsr310/2.13.0/jackson-datatype-jsr310-2.13.0.jar:/home/max/.m2/repository/org/apache/logging/log4j/log4j-api/2.14.1/log4j-api-2.14.1.jar:/home/max/.m2/repository/org/apache/logging/log4j/log4j-core/2.14.1/log4j-core-2.14.1.jar:/home/max/.m2/repository/org/springframework/spring-test/5.3.13/spring-test-5.3.13.jar:/home/max/.m2/repository/org/junit/jupiter/junit-jupiter-api/5.8.1/junit-jupiter-api-5.8.1.jar:/home/max/.m2/repository/org/opentest4j/opentest4j/1.2.0/opentest4j-1.2.0.jar:/home/max/.m2/repository/org/junit/platform/junit-platform-commons/1.8.1/junit-platform-commons-1.8.1.jar:/home/max/.m2/repository/org/apiguardian/apiguardian-api/1.1.2/apiguardian-api-1.1.2.jar:/home/max/.m2/repository/org/junit/jupiter/junit-jupiter-engine/5.8.1/junit-jupiter-engine-5.8.1.jar:/home/max/.m2/repository/org/junit/platform/junit-platform-engine/1.8.1/junit-platform-engine-1.8.1.jar:/home/max/.m2/repository/org/mockito/mockito-core/4.0.0/mockito-core-4.0.0.jar:/home/max/.m2/repository/net/bytebuddy/byte-buddy/1.11.22/byte-buddy-1.11.22.jar:/home/max/.m2/repository/net/bytebuddy/byte-buddy-agent/1.11.22/byte-buddy-agent-1.11.22.jar:/home/max/.m2/repository/org/objenesis/objenesis/3.2/objenesis-3.2.jar:/home/max/.m2/repository/org/mockito/mockito-junit-jupiter/4.0.0/mockito-junit-jupiter-4.0.0.jar:/home/max/.m2/repository/org/hamcrest/hamcrest-all/1.3/hamcrest-all-1.3.jar:/home/max/.m2/repository/com/jayway/jsonpath/json-path/2.6.0/json-path-2.6.0.jar:/home/max/.m2/repository/net/minidev/json-smart/2.4.7/json-smart-2.4.7.jar:/home/max/.m2/repository/net/minidev/accessors-smart/2.4.7/accessors-smart-2.4.7.jar:/home/max/.m2/repository/org/ow2/asm/asm/9.1/asm-9.1.jar:/home/max/.m2/repository/org/slf4j/slf4j-api/1.7.32/slf4j-api-1.7.32.jar:/home/max/.m2/repository/org/springframework/boot/spring-boot-test/2.6.1/spring-boot-test-2.6.1.jar:/home/max/.m2/repository/org/springframework/boot/spring-boot/2.6.1/spring-boot-2.6.1.jar:"/>
    <property name="java.vm.vendor" value="Ubuntu"/>
    <property name="sun.arch.data.model" value="64"/>
    <property name="java.vendor.url" value="https://ubuntu.com/"/>
    <property name="user.timezone" value="Europe/Minsk"/>
    <property name="java.vm.specification.version" value="11"/>
    <property name="os.name" value="Linux"/>
    <property name="sun.java.launcher" value="SUN_STANDARD"/>
    <property name="user.country" value="US"/>
    <property name="sun.boot.library.path" value="/usr/lib/jvm/java-11-openjdk-amd64/lib"/>
    <property name="sun.java.command" value="/home/max/development/Maksim-Meliashchuk-Setlist-Organizer/service-rest/target/surefire/surefirebooter14358233731675140771.jar /home/max/development/Maksim-Meliashchuk-Setlist-Organizer/service-rest/target/surefire 2021-12-18T19-00-03_953-jvmRun1 surefire13152019825035615110tmp surefire_23160286291712605158tmp"/>
    <property name="jdk.debug" value="release"/>
    <property name="surefire.test.class.path" value="/home/max/development/Maksim-Meliashchuk-Setlist-Organizer/service-rest/target/test-classes:/home/max/development/Maksim-Meliashchuk-Setlist-Organizer/service-rest/target/classes:/home/max/development/Maksim-Meliashchuk-Setlist-Organizer/model/target/model-1.0-SNAPSHOT.jar:/home/max/development/Maksim-Meliashchuk-Setlist-Organizer/service-api/target/service-api-1.0-SNAPSHOT.jar:/home/max/.m2/repository/org/springframework/spring-context/5.3.13/spring-context-5.3.13.jar:/home/max/.m2/repository/org/springframework/spring-aop/5.3.13/spring-aop-5.3.13.jar:/home/max/.m2/repository/org/springframework/spring-beans/5.3.13/spring-beans-5.3.13.jar:/home/max/.m2/repository/org/springframework/spring-core/5.3.13/spring-core-5.3.13.jar:/home/max/.m2/repository/org/springframework/spring-jcl/5.3.13/spring-jcl-5.3.13.jar:/home/max/.m2/repository/org/springframework/spring-expression/5.3.13/spring-expression-5.3.13.jar:/home/max/.m2/repository/org/springframework/spring-web/5.3.13/spring-web-5.3.13.jar:/home/max/.m2/repository/org/springframework/spring-webmvc/5.3.13/spring-webmvc-5.3.13.jar:/home/max/.m2/repository/javax/servlet/javax.servlet-api/4.0.1/javax.servlet-api-4.0.1.jar:/home/max/.m2/repository/com/fasterxml/jackson/core/jackson-databind/2.13.0/jackson-databind-2.13.0.jar:/home/max/.m2/repository/com/fasterxml/jackson/core/jackson-annotations/2.13.0/jackson-annotations-2.13.0.jar:/home/max/.m2/repository/com/fasterxml/jackson/core/jackson-core/2.13.0/jackson-core-2.13.0.jar:/home/max/.m2/repository/com/fasterxml/jackson/datatype/jackson-datatype-jsr310/2.13.0/jackson-datatype-jsr310-2.13.0.jar:/home/max/.m2/repository/org/apache/logging/log4j/log4j-api/2.14.1/log4j-api-2.14.1.jar:/home/max/.m2/repository/org/apache/logging/log4j/log4j-core/2.14.1/log4j-core-2.14.1.jar:/home/max/.m2/repository/org/springframework/spring-test/5.3.13/spring-test-5.3.13.jar:/home/max/.m2/repository/org/junit/jupiter/junit-jupiter-api/5.8.1/junit-jupiter-api-5.8.1.jar:/home/max/.m2/repository/org/opentest4j/opentest4j/1.2.0/opentest4j-1.2.0.jar:/home/max/.m2/repository/org/junit/platform/junit-platform-commons/1.8.1/junit-platform-commons-1.8.1.jar:/home/max/.m2/repository/org/apiguardian/apiguardian-api/1.1.2/apiguardian-api-1.1.2.jar:/home/max/.m2/repository/org/junit/jupiter/junit-jupiter-engine/5.8.1/junit-jupiter-engine-5.8.1.jar:/home/max/.m2/repository/org/junit/platform/junit-platform-engine/1.8.1/junit-platform-engine-1.8.1.jar:/home/max/.m2/repository/org/mockito/mockito-core/4.0.0/mockito-core-4.0.0.jar:/home/max/.m2/repository/net/bytebuddy/byte-buddy/1.11.22/byte-buddy-1.11.22.jar:/home/max/.m2/repository/net/bytebuddy/byte-buddy-agent/1.11.22/byte-buddy-agent-1.11.22.jar:/home/max/.m2/repository/org/objenesis/objenesis/3.2/objenesis-3.2.jar:/home/max/.m2/repository/org/mockito/mockito-junit-jupiter/4.0.0/mockito-junit-jupiter-4.0.0.jar:/home/max/.m2/repository/org/hamcrest/hamcrest-all/1.3/hamcrest-all-1.3.jar:/home/max/.m2/repository/com/jayway/jsonpath/json-path/2.6.0/json-path-2.6.0.jar:/home/max/.m2/repository/net/minidev/json-smart/2.4.7/json-smart-2.4.7.jar:/home/max/.m2/repository/net/minidev/accessors-smart/2.4.7/accessors-smart-2.4.7.jar:/home/max/.m2/repository/org/ow2/asm/asm/9.1/asm-9.1.jar:/home/max/.m2/repository/org/slf4j/slf4j-api/1.7.32/slf4j-api-1.7.32.jar:/home/max/.m2/repository/org/springframework/boot/spring-boot-test/2.6.1/spring-boot-test-2.6.1.jar:/home/max/.m2/repository/org/springframework/boot/spring-boot/2.6.1/spring-boot-2.6.1.jar:"/>
    <property name="sun.cpu.endian" value="little"/>
    <property name="user.home" value="/home/max"/>
    <property name="user.language" value="en"/>
    <property name="java.specification.vendor" value="Oracle Corporation"/>
    <property name="java.version.date" value="2021-10-19"/>
    <property name="java.home" value="/usr/lib/jvm/java-11-openjdk-amd64"/>
    <property name="file.separator" value="/"/>
    <property name="basedir" value="/home/max/development/Maksim-Meliashchuk-Setlist-Organizer/service-rest"/>
    <property name="java.vm.compressedOopsMode" value="Zero based"/>
    <property name="line.separator" value="&#10;"/>
    <property name="java.specification.name" value="Java Platform API Specification"/>
    <property name="java.vm.specification.vendor" value="Oracle Corporation"/>
    <property name="java.awt.graphicsenv" value="sun.awt.X11GraphicsEnvironment"/>
    <property name="surefire.real.class.path" value="/home/max/development/Maksim-Meliashchuk-Setlist-Organizer/service-rest/target/surefire/surefirebooter14358233731675140771.jar"/>
    <property name="sun.management.compiler" value="HotSpot 64-Bit Tiered Compilers"/>
    <property name="java.runtime.version" value="11.0.13+8-Ubuntu-0ubuntu1.20.04"/>
    <property name="user.name" value="max"/>
    <property name="path.separator" value=":"/>
    <property name="os.version" value="5.11.0-43-generic"/>
    <property name="java.runtime.name" value="OpenJDK Runtime Environment"/>
    <property name="file.encoding" value="UTF-8"/>
    <property name="java.vm.name" value="OpenJDK 64-Bit Server VM"/>
    <property name="localRepository" value="/home/max/.m2/repository"/>
    <property name="java.vendor.url.bug" value="https://bugs.launchpad.net/ubuntu/+source/openjdk-lts"/>
    <property name="java.io.tmpdir" value="/tmp"/>
    <property name="java.version" value="11.0.13"/>
    <property name="user.dir" value="/home/max/development/Maksim-Meliashchuk-Setlist-Organizer/service-rest"/>
    <property name="os.arch" value="amd64"/>
    <property name="java.vm.specification.name" value="Java Virtual Machine Specification"/>
    <property name="java.awt.printerjob" value="sun.print.PSPrinterJob"/>
    <property name="sun.os.patch.level" value="unknown"/>
    <property name="java.library.path" value="/usr/java/packages/lib:/usr/lib/x86_64-linux-gnu/jni:/lib/x86_64-linux-gnu:/usr/lib/x86_64-linux-gnu:/usr/lib/jni:/lib:/usr/lib"/>
    <property name="java.vm.info" value="mixed mode, sharing"/>
    <property name="java.vendor" value="Ubuntu"/>
    <property name="java.vm.version" value="11.0.13+8-Ubuntu-0ubuntu1.20.04"/>
    <property name="sun.io.unicode.encoding" value="UnicodeLittle"/>
    <property name="java.class.version" value="55.0"/>
  </properties>
  <testcase name="shouldUpdateBand" classname="com.epam.brest.service.rest.BandServiceRestTest" time="0.02"/>
  <testcase name="shouldFindAllBands" classname="com.epam.brest.service.rest.BandServiceRestTest" time="0.003"/>
  <testcase name="shouldCount" classname="com.epam.brest.service.rest.BandServiceRestTest" time="0.002"/>
  <testcase name="shouldCreateBand" classname="com.epam.brest.service.rest.BandServiceRestTest" time="0.003"/>
  <testcase name="getBandById" classname="com.epam.brest.service.rest.BandServiceRestTest" time="0.003"/>
  <testcase name="shouldDeleteBand" classname="com.epam.brest.service.rest.BandServiceRestTest" time="0.002"/>
</testsuite>