<?xml version="1.0" encoding="UTF-8"?>
<beans xmlns="http://www.springframework.org/schema/beans"
       xmlns:xsi="http://www.w3.org/2001/XMLSchema-instance"
       xsi:schemaLocation="http://www.springframework.org/schema/beans
       https://www.springframework.org/schema/beans/spring-beans.xsd">

    <bean name="bandDao" class="com.epam.brest.dao.BandDaoJDBCImpl">
        <constructor-arg ref="namedParameterJdbcTemplate"/>
    </bean>

    <bean name="trackDao" class="com.epam.brest.dao.TrackDaoJDBCImpl">
        <constructor-arg ref="namedParameterJdbcTemplate"/>
    </bean>

    <bean id="namedParameterJdbcTemplate" class="org.springframework.jdbc.core.namedparam.NamedParameterJdbcTemplate">
        <constructor-arg ref="dataSource"/>
    </bean>

    <bean class="org.springframework.context.support.PropertySourcesPlaceholderConfigurer">
        <property name="locations">
            <list>
                <value>classpath*:test-db.properties</value>
                <value>classpath*:sql-band.properties</value>
            </list>
        </property>
    </bean>

</beans>