<?xml version="1.0" encoding="UTF-8"?>
<testsuite xmlns:xsi="http://www.w3.org/2001/XMLSchema-instance" xsi:noNamespaceSchemaLocation="https://maven.apache.org/surefire/maven-surefire-plugin/xsd/surefire-test-report-3.0.xsd" version="3.0" name="com.epam.brest.rest.TrackDtoControllerTest" time="0.072" tests="2" errors="0" skipped="0" failures="0">
  <properties>
    <property name="sun.desktop" value="gnome"/>
    <property name="awt.toolkit" value="sun.awt.X11.XToolkit"/>
    <property name="java.specification.version" value="11"/>
    <property name="sun.cpu.isalist" value=""/>
    <property name="sun.jnu.encoding" value="UTF-8"/>
    <property name="java.class.path" value="/home/max/development/Maksim-Meliashchuk-Setlist-Organizer/rest-app/target/test-classes:/home/max/development/Maksim-Meliashchuk-Setlist-Organizer/rest-app/target/classes:/home/max/development/Maksim-Meliashchuk-Setlist-Organizer/service/target/service-1.0-SNAPSHOT.jar:/home/max/development/Maksim-Meliashchuk-Setlist-Organizer/model/target/model-1.0-SNAPSHOT.jar:/home/max/.m2/repository/com/fasterxml/jackson/datatype/jackson-datatype-jsr310/2.13.0/jackson-datatype-jsr310-2.13.0.jar:/home/max/.m2/repository/com/fasterxml/jackson/core/jackson-annotations/2.13.0/jackson-annotations-2.13.0.jar:/home/max/.m2/repository/com/fasterxml/jackson/core/jackson-core/2.13.0/jackson-core-2.13.0.jar:/home/max/.m2/repository/org/springframework/spring-context/5.3.13/spring-context-5.3.13.jar:/home/max/development/Maksim-Meliashchuk-Setlist-Organizer/dao-api/target/dao-api-1.0-SNAPSHOT.jar:/home/max/development/Maksim-Meliashchuk-Setlist-Organizer/dao/target/dao-1.0-SNAPSHOT.jar:/home/max/.m2/repository/org/springframework/boot/spring-boot-starter-jdbc/2.6.1/spring-boot-starter-jdbc-2.6.1.jar:/home/max/.m2/repository/com/zaxxer/HikariCP/4.0.3/HikariCP-4.0.3.jar:/home/max/development/Maksim-Meliashchuk-Setlist-Organizer/service-api/target/service-api-1.0-SNAPSHOT.jar:/home/max/development/Maksim-Meliashchuk-Setlist-Organizer/test-db/target/test-db-1.0-SNAPSHOT.jar:/home/max/.m2/repository/org/springframework/spring-jdbc/5.3.13/spring-jdbc-5.3.13.jar:/home/max/.m2/repository/org/springframework/spring-beans/5.3.13/spring-beans-5.3.13.jar:/home/max/.m2/repository/org/springframework/spring-tx/5.3.13/spring-tx-5.3.13.jar:/home/max/.m2/repository/org/springframework/spring-test/5.3.13/spring-test-5.3.13.jar:/home/max/.m2/repository/org/junit/jupiter/junit-jupiter-api/5.8.1/junit-jupiter-api-5.8.1.jar:/home/max/.m2/repository/org/opentest4j/opentest4j/1.2.0/opentest4j-1.2.0.jar:/home/max/.m2/repository/org/junit/platform/junit-platform-commons/1.8.1/junit-platform-commons-1.8.1.jar:/home/max/.m2/repository/org/apiguardian/apiguardian-api/1.1.2/apiguardian-api-1.1.2.jar:/home/max/.m2/repository/org/junit/jupiter/junit-jupiter-engine/5.8.1/junit-jupiter-engine-5.8.1.jar:/home/max/.m2/repository/org/junit/platform/junit-platform-engine/1.8.1/junit-platform-engine-1.8.1.jar:/home/max/.m2/repository/com/h2database/h2/1.4.200/h2-1.4.200.jar:/home/max/.m2/repository/org/springframework/boot/spring-boot-starter-web/2.6.1/spring-boot-starter-web-2.6.1.jar:/home/max/.m2/repository/org/springframework/boot/spring-boot-starter/2.6.1/spring-boot-starter-2.6.1.jar:/home/max/.m2/repository/org/springframework/boot/spring-boot/2.6.1/spring-boot-2.6.1.jar:/home/max/.m2/repository/org/springframework/boot/spring-boot-autoconfigure/2.6.1/spring-boot-autoconfigure-2.6.1.jar:/home/max/.m2/repository/org/springframework/boot/spring-boot-starter-logging/2.6.1/spring-boot-starter-logging-2.6.1.jar:/home/max/.m2/repository/ch/qos/logback/logback-classic/1.2.7/logback-classic-1.2.7.jar:/home/max/.m2/repository/ch/qos/logback/logback-core/1.2.7/logback-core-1.2.7.jar:/home/max/.m2/repository/org/apache/logging/log4j/log4j-to-slf4j/2.14.1/log4j-to-slf4j-2.14.1.jar:/home/max/.m2/repository/org/apache/logging/log4j/log4j-api/2.14.1/log4j-api-2.14.1.jar:/home/max/.m2/repository/org/slf4j/jul-to-slf4j/1.7.32/jul-to-slf4j-1.7.32.jar:/home/max/.m2/repository/jakarta/annotation/jakarta.annotation-api/1.3.5/jakarta.annotation-api-1.3.5.jar:/home/max/.m2/repository/org/yaml/snakeyaml/1.29/snakeyaml-1.29.jar:/home/max/.m2/repository/org/springframework/boot/spring-boot-starter-json/2.6.1/spring-boot-starter-json-2.6.1.jar:/home/max/.m2/repository/com/fasterxml/jackson/core/jackson-databind/2.13.0/jackson-databind-2.13.0.jar:/home/max/.m2/repository/com/fasterxml/jackson/datatype/jackson-datatype-jdk8/2.13.0/jackson-datatype-jdk8-2.13.0.jar:/home/max/.m2/repository/com/fasterxml/jackson/module/jackson-module-parameter-names/2.13.0/jackson-module-parameter-names-2.13.0.jar:/home/max/.m2/repository/org/springframework/boot/spring-boot-starter-tomcat/2.6.1/spring-boot-starter-tomcat-2.6.1.jar:/home/max/.m2/repository/org/apache/tomcat/embed/tomcat-embed-core/9.0.55/tomcat-embed-core-9.0.55.jar:/home/max/.m2/repository/org/apache/tomcat/embed/tomcat-embed-el/9.0.55/tomcat-embed-el-9.0.55.jar:/home/max/.m2/repository/org/apache/tomcat/embed/tomcat-embed-websocket/9.0.55/tomcat-embed-websocket-9.0.55.jar:/home/max/.m2/repository/org/springframework/spring-web/5.3.13/spring-web-5.3.13.jar:/home/max/.m2/repository/org/springframework/spring-webmvc/5.3.13/spring-webmvc-5.3.13.jar:/home/max/.m2/repository/org/springframework/spring-aop/5.3.13/spring-aop-5.3.13.jar:/home/max/.m2/repository/org/springframework/spring-expression/5.3.13/spring-expression-5.3.13.jar:/home/max/.m2/repository/org/springframework/boot/spring-boot-starter-actuator/2.6.1/spring-boot-starter-actuator-2.6.1.jar:/home/max/.m2/repository/org/springframework/boot/spring-boot-actuator-autoconfigure/2.6.1/spring-boot-actuator-autoconfigure-2.6.1.jar:/home/max/.m2/repository/org/springframework/boot/spring-boot-actuator/2.6.1/spring-boot-actuator-2.6.1.jar:/home/max/.m2/repository/io/micrometer/micrometer-core/1.8.0/micrometer-core-1.8.0.jar:/home/max/.m2/repository/org/hdrhistogram/HdrHistogram/2.1.12/HdrHistogram-2.1.12.jar:/home/max/.m2/repository/org/latencyutils/LatencyUtils/2.0.3/LatencyUtils-2.0.3.jar:/home/max/.m2/repository/org/springframework/boot/spring-boot-starter-test/2.6.1/spring-boot-starter-test-2.6.1.jar:/home/max/.m2/repository/org/springframework/boot/spring-boot-test/2.6.1/spring-boot-test-2.6.1.jar:/home/max/.m2/repository/org/springframework/boot/spring-boot-test-autoconfigure/2.6.1/spring-boot-test-autoconfigure-2.6.1.jar:/home/max/.m2/repository/com/jayway/jsonpath/json-path/2.6.0/json-path-2.6.0.jar:/home/max/.m2/repository/net/minidev/json-smart/2.4.7/json-smart-2.4.7.jar:/home/max/.m2/repository/net/minidev/accessors-smart/2.4.7/accessors-smart-2.4.7.jar:/home/max/.m2/repository/org/ow2/asm/asm/9.1/asm-9.1.jar:/home/max/.m2/repository/org/slf4j/slf4j-api/1.7.32/slf4j-api-1.7.32.jar:/home/max/.m2/repository/jakarta/xml/bind/jakarta.xml.bind-api/2.3.3/jakarta.xml.bind-api-2.3.3.jar:/home/max/.m2/repository/jakarta/activation/jakarta.activation-api/1.2.2/jakarta.activation-api-1.2.2.jar:/home/max/.m2/repository/org/assertj/assertj-core/3.21.0/assertj-core-3.21.0.jar:/home/max/.m2/repository/org/hamcrest/hamcrest/2.2/hamcrest-2.2.jar:/home/max/.m2/repository/org/junit/jupiter/junit-jupiter/5.8.1/junit-jupiter-5.8.1.jar:/home/max/.m2/repository/org/junit/jupiter/junit-jupiter-params/5.8.1/junit-jupiter-params-5.8.1.jar:/home/max/.m2/repository/org/mockito/mockito-core/4.0.0/mockito-core-4.0.0.jar:/home/max/.m2/repository/net/bytebuddy/byte-buddy/1.11.22/byte-buddy-1.11.22.jar:/home/max/.m2/repository/net/bytebuddy/byte-buddy-agent/1.11.22/byte-buddy-agent-1.11.22.jar:/home/max/.m2/repository/org/objenesis/objenesis/3.2/objenesis-3.2.jar:/home/max/.m2/repository/org/mockito/mockito-junit-jupiter/4.0.0/mockito-junit-jupiter-4.0.0.jar:/home/max/.m2/repository/org/skyscreamer/jsonassert/1.5.0/jsonassert-1.5.0.jar:/home/max/.m2/repository/com/vaadin/external/google/android-json/0.0.20131108.vaadin1/android-json-0.0.20131108.vaadin1.jar:/home/max/.m2/repository/org/springframework/spring-core/5.3.13/spring-core-5.3.13.jar:/home/max/.m2/repository/org/springframework/spring-jcl/5.3.13/spring-jcl-5.3.13.jar:/home/max/.m2/repository/org/xmlunit/xmlunit-core/2.8.3/xmlunit-core-2.8.3.jar:/home/max/.m2/repository/org/apache/commons/commons-lang3/3.12.0/commons-lang3-3.12.0.jar:"/>
    <property name="java.vm.vendor" value="Ubuntu"/>
    <property name="sun.arch.data.model" value="64"/>
    <property name="java.vendor.url" value="https://ubuntu.com/"/>
    <property name="user.timezone" value="Europe/Minsk"/>
    <property name="java.vm.specification.version" value="11"/>
    <property name="os.name" value="Linux"/>
    <property name="sun.java.launcher" value="SUN_STANDARD"/>
    <property name="user.country" value="US"/>
    <property name="sun.boot.library.path" value="/usr/lib/jvm/java-11-openjdk-amd64/lib"/>
    <property name="sun.java.command" value="/home/max/development/Maksim-Meliashchuk-Setlist-Organizer/rest-app/target/surefire/surefirebooter17253061291380015061.jar /home/max/development/Maksim-Meliashchuk-Setlist-Organizer/rest-app/target/surefire 2021-12-18T19-00-03_953-jvmRun1 surefire456304589569687386tmp surefire_110378643454456015305tmp"/>
    <property name="jdk.debug" value="release"/>
    <property name="surefire.test.class.path" value="/home/max/development/Maksim-Meliashchuk-Setlist-Organizer/rest-app/target/test-classes:/home/max/development/Maksim-Meliashchuk-Setlist-Organizer/rest-app/target/classes:/home/max/development/Maksim-Meliashchuk-Setlist-Organizer/service/target/service-1.0-SNAPSHOT.jar:/home/max/development/Maksim-Meliashchuk-Setlist-Organizer/model/target/model-1.0-SNAPSHOT.jar:/home/max/.m2/repository/com/fasterxml/jackson/datatype/jackson-datatype-jsr310/2.13.0/jackson-datatype-jsr310-2.13.0.jar:/home/max/.m2/repository/com/fasterxml/jackson/core/jackson-annotations/2.13.0/jackson-annotations-2.13.0.jar:/home/max/.m2/repository/com/fasterxml/jackson/core/jackson-core/2.13.0/jackson-core-2.13.0.jar:/home/max/.m2/repository/org/springframework/spring-context/5.3.13/spring-context-5.3.13.jar:/home/max/development/Maksim-Meliashchuk-Setlist-Organizer/dao-api/target/dao-api-1.0-SNAPSHOT.jar:/home/max/development/Maksim-Meliashchuk-Setlist-Organizer/dao/target/dao-1.0-SNAPSHOT.jar:/home/max/.m2/repository/org/springframework/boot/spring-boot-starter-jdbc/2.6.1/spring-boot-starter-jdbc-2.6.1.jar:/home/max/.m2/repository/com/zaxxer/HikariCP/4.0.3/HikariCP-4.0.3.jar:/home/max/development/Maksim-Meliashchuk-Setlist-Organizer/service-api/target/service-api-1.0-SNAPSHOT.jar:/home/max/development/Maksim-Meliashchuk-Setlist-Organizer/test-db/target/test-db-1.0-SNAPSHOT.jar:/home/max/.m2/repository/org/springframework/spring-jdbc/5.3.13/spring-jdbc-5.3.13.jar:/home/max/.m2/repository/org/springframework/spring-beans/5.3.13/spring-beans-5.3.13.jar:/home/max/.m2/repository/org/springframework/spring-tx/5.3.13/spring-tx-5.3.13.jar:/home/max/.m2/repository/org/springframework/spring-test/5.3.13/spring-test-5.3.13.jar:/home/max/.m2/repository/org/junit/jupiter/junit-jupiter-api/5.8.1/junit-jupiter-api-5.8.1.jar:/home/max/.m2/repository/org/opentest4j/opentest4j/1.2.0/opentest4j-1.2.0.jar:/home/max/.m2/repository/org/junit/platform/junit-platform-commons/1.8.1/junit-platform-commons-1.8.1.jar:/home/max/.m2/repository/org/apiguardian/apiguardian-api/1.1.2/apiguardian-api-1.1.2.jar:/home/max/.m2/repository/org/junit/jupiter/junit-jupiter-engine/5.8.1/junit-jupiter-engine-5.8.1.jar:/home/max/.m2/repository/org/junit/platform/junit-platform-engine/1.8.1/junit-platform-engine-1.8.1.jar:/home/max/.m2/repository/com/h2database/h2/1.4.200/h2-1.4.200.jar:/home/max/.m2/repository/org/springframework/boot/spring-boot-starter-web/2.6.1/spring-boot-starter-web-2.6.1.jar:/home/max/.m2/repository/org/springframework/boot/spring-boot-starter/2.6.1/spring-boot-starter-2.6.1.jar:/home/max/.m2/repository/org/springframework/boot/spring-boot/2.6.1/spring-boot-2.6.1.jar:/home/max/.m2/repository/org/springframework/boot/spring-boot-autoconfigure/2.6.1/spring-boot-autoconfigure-2.6.1.jar:/home/max/.m2/repository/org/springframework/boot/spring-boot-starter-logging/2.6.1/spring-boot-starter-logging-2.6.1.jar:/home/max/.m2/repository/ch/qos/logback/logback-classic/1.2.7/logback-classic-1.2.7.jar:/home/max/.m2/repository/ch/qos/logback/logback-core/1.2.7/logback-core-1.2.7.jar:/home/max/.m2/repository/org/apache/logging/log4j/log4j-to-slf4j/2.14.1/log4j-to-slf4j-2.14.1.jar:/home/max/.m2/repository/org/apache/logging/log4j/log4j-api/2.14.1/log4j-api-2.14.1.jar:/home/max/.m2/repository/org/slf4j/jul-to-slf4j/1.7.32/jul-to-slf4j-1.7.32.jar:/home/max/.m2/repository/jakarta/annotation/jakarta.annotation-api/1.3.5/jakarta.annotation-api-1.3.5.jar:/home/max/.m2/repository/org/yaml/snakeyaml/1.29/snakeyaml-1.29.jar:/home/max/.m2/repository/org/springframework/boot/spring-boot-starter-json/2.6.1/spring-boot-starter-json-2.6.1.jar:/home/max/.m2/repository/com/fasterxml/jackson/core/jackson-databind/2.13.0/jackson-databind-2.13.0.jar:/home/max/.m2/repository/com/fasterxml/jackson/datatype/jackson-datatype-jdk8/2.13.0/jackson-datatype-jdk8-2.13.0.jar:/home/max/.m2/repository/com/fasterxml/jackson/module/jackson-module-parameter-names/2.13.0/jackson-module-parameter-names-2.13.0.jar:/home/max/.m2/repository/org/springframework/boot/spring-boot-starter-tomcat/2.6.1/spring-boot-starter-tomcat-2.6.1.jar:/home/max/.m2/repository/org/apache/tomcat/embed/tomcat-embed-core/9.0.55/tomcat-embed-core-9.0.55.jar:/home/max/.m2/repository/org/apache/tomcat/embed/tomcat-embed-el/9.0.55/tomcat-embed-el-9.0.55.jar:/home/max/.m2/repository/org/apache/tomcat/embed/tomcat-embed-websocket/9.0.55/tomcat-embed-websocket-9.0.55.jar:/home/max/.m2/repository/org/springframework/spring-web/5.3.13/spring-web-5.3.13.jar:/home/max/.m2/repository/org/springframework/spring-webmvc/5.3.13/spring-webmvc-5.3.13.jar:/home/max/.m2/repository/org/springframework/spring-aop/5.3.13/spring-aop-5.3.13.jar:/home/max/.m2/repository/org/springframework/spring-expression/5.3.13/spring-expression-5.3.13.jar:/home/max/.m2/repository/org/springframework/boot/spring-boot-starter-actuator/2.6.1/spring-boot-starter-actuator-2.6.1.jar:/home/max/.m2/repository/org/springframework/boot/spring-boot-actuator-autoconfigure/2.6.1/spring-boot-actuator-autoconfigure-2.6.1.jar:/home/max/.m2/repository/org/springframework/boot/spring-boot-actuator/2.6.1/spring-boot-actuator-2.6.1.jar:/home/max/.m2/repository/io/micrometer/micrometer-core/1.8.0/micrometer-core-1.8.0.jar:/home/max/.m2/repository/org/hdrhistogram/HdrHistogram/2.1.12/HdrHistogram-2.1.12.jar:/home/max/.m2/repository/org/latencyutils/LatencyUtils/2.0.3/LatencyUtils-2.0.3.jar:/home/max/.m2/repository/org/springframework/boot/spring-boot-starter-test/2.6.1/spring-boot-starter-test-2.6.1.jar:/home/max/.m2/repository/org/springframework/boot/spring-boot-test/2.6.1/spring-boot-test-2.6.1.jar:/home/max/.m2/repository/org/springframework/boot/spring-boot-test-autoconfigure/2.6.1/spring-boot-test-autoconfigure-2.6.1.jar:/home/max/.m2/repository/com/jayway/jsonpath/json-path/2.6.0/json-path-2.6.0.jar:/home/max/.m2/repository/net/minidev/json-smart/2.4.7/json-smart-2.4.7.jar:/home/max/.m2/repository/net/minidev/accessors-smart/2.4.7/accessors-smart-2.4.7.jar:/home/max/.m2/repository/org/ow2/asm/asm/9.1/asm-9.1.jar:/home/max/.m2/repository/org/slf4j/slf4j-api/1.7.32/slf4j-api-1.7.32.jar:/home/max/.m2/repository/jakarta/xml/bind/jakarta.xml.bind-api/2.3.3/jakarta.xml.bind-api-2.3.3.jar:/home/max/.m2/repository/jakarta/activation/jakarta.activation-api/1.2.2/jakarta.activation-api-1.2.2.jar:/home/max/.m2/repository/org/assertj/assertj-core/3.21.0/assertj-core-3.21.0.jar:/home/max/.m2/repository/org/hamcrest/hamcrest/2.2/hamcrest-2.2.jar:/home/max/.m2/repository/org/junit/jupiter/junit-jupiter/5.8.1/junit-jupiter-5.8.1.jar:/home/max/.m2/repository/org/junit/jupiter/junit-jupiter-params/5.8.1/junit-jupiter-params-5.8.1.jar:/home/max/.m2/repository/org/mockito/mockito-core/4.0.0/mockito-core-4.0.0.jar:/home/max/.m2/repository/net/bytebuddy/byte-buddy/1.11.22/byte-buddy-1.11.22.jar:/home/max/.m2/repository/net/bytebuddy/byte-buddy-agent/1.11.22/byte-buddy-agent-1.11.22.jar:/home/max/.m2/repository/org/objenesis/objenesis/3.2/objenesis-3.2.jar:/home/max/.m2/repository/org/mockito/mockito-junit-jupiter/4.0.0/mockito-junit-jupiter-4.0.0.jar:/home/max/.m2/repository/org/skyscreamer/jsonassert/1.5.0/jsonassert-1.5.0.jar:/home/max/.m2/repository/com/vaadin/external/google/android-json/0.0.20131108.vaadin1/android-json-0.0.20131108.vaadin1.jar:/home/max/.m2/repository/org/springframework/spring-core/5.3.13/spring-core-5.3.13.jar:/home/max/.m2/repository/org/springframework/spring-jcl/5.3.13/spring-jcl-5.3.13.jar:/home/max/.m2/repository/org/xmlunit/xmlunit-core/2.8.3/xmlunit-core-2.8.3.jar:/home/max/.m2/repository/org/apache/commons/commons-lang3/3.12.0/commons-lang3-3.12.0.jar:"/>
    <property name="sun.cpu.endian" value="little"/>
    <property name="user.home" value="/home/max"/>
    <property name="user.language" value="en"/>
    <property name="java.specification.vendor" value="Oracle Corporation"/>
    <property name="java.version.date" value="2021-10-19"/>
    <property name="java.home" value="/usr/lib/jvm/java-11-openjdk-amd64"/>
    <property name="file.separator" value="/"/>
    <property name="basedir" value="/home/max/development/Maksim-Meliashchuk-Setlist-Organizer/rest-app"/>
    <property name="java.vm.compressedOopsMode" value="Zero based"/>
    <property name="line.separator" value="&#10;"/>
    <property name="java.specification.name" value="Java Platform API Specification"/>
    <property name="java.vm.specification.vendor" value="Oracle Corporation"/>
    <property name="java.awt.graphicsenv" value="sun.awt.X11GraphicsEnvironment"/>
    <property name="surefire.real.class.path" value="/home/max/development/Maksim-Meliashchuk-Setlist-Organizer/rest-app/target/surefire/surefirebooter17253061291380015061.jar"/>
    <property name="sun.management.compiler" value="HotSpot 64-Bit Tiered Compilers"/>
    <property name="java.runtime.version" value="11.0.13+8-Ubuntu-0ubuntu1.20.04"/>
    <property name="user.name" value="max"/>
    <property name="path.separator" value=":"/>
    <property name="os.version" value="5.11.0-43-generic"/>
    <property name="java.runtime.name" value="OpenJDK Runtime Environment"/>
    <property name="file.encoding" value="UTF-8"/>
    <property name="java.vm.name" value="OpenJDK 64-Bit Server VM"/>
    <property name="localRepository" value="/home/max/.m2/repository"/>
    <property name="java.vendor.url.bug" value="https://bugs.launchpad.net/ubuntu/+source/openjdk-lts"/>
    <property name="java.io.tmpdir" value="/tmp"/>
    <property name="java.version" value="11.0.13"/>
    <property name="user.dir" value="/home/max/development/Maksim-Meliashchuk-Setlist-Organizer/rest-app"/>
    <property name="os.arch" value="amd64"/>
    <property name="java.vm.specification.name" value="Java Virtual Machine Specification"/>
    <property name="java.awt.printerjob" value="sun.print.PSPrinterJob"/>
    <property name="sun.os.patch.level" value="unknown"/>
    <property name="java.library.path" value="/usr/java/packages/lib:/usr/lib/x86_64-linux-gnu/jni:/lib/x86_64-linux-gnu:/usr/lib/x86_64-linux-gnu:/usr/lib/jni:/lib:/usr/lib"/>
    <property name="java.vm.info" value="mixed mode, sharing"/>
    <property name="java.vendor" value="Ubuntu"/>
    <property name="java.vm.version" value="11.0.13+8-Ubuntu-0ubuntu1.20.04"/>
    <property name="sun.io.unicode.encoding" value="UnicodeLittle"/>
    <property name="java.class.version" value="55.0"/>
  </properties>
  <testcase name="shouldFindAllTracksWithBandName" classname="com.epam.brest.rest.TrackDtoControllerTest" time="0.045">
    <system-out><![CDATA[19:00:11.758 [main] DEBUG _org.springframework.web.servlet.HandlerMapping.Mappings - 
	c.e.b.r.TrackDtoController:
	{GET [/tracks_dto]}: findAllTracksWithBandName()
	{GET [/repertoire/filter]}: findAllTracksWithReleaseDateFilter(LocalDate,LocalDate)
19:00:11.759 [main] DEBUG org.springframework.web.servlet.mvc.method.annotation.RequestMappingHandlerMapping - 2 mappings in org.springframework.web.servlet.mvc.method.annotation.RequestMappingHandlerMapping
19:00:11.761 [main] DEBUG org.springframework.web.servlet.mvc.method.annotation.RequestMappingHandlerAdapter - ControllerAdvice beans: 0 @ModelAttribute, 0 @InitBinder, 1 RequestBodyAdvice, 1 ResponseBodyAdvice
19:00:11.762 [main] DEBUG org.springframework.web.servlet.mvc.method.annotation.ExceptionHandlerExceptionResolver - ControllerAdvice beans: 0 @ExceptionHandler, 1 ResponseBodyAdvice
19:00:11.762 [main] INFO org.springframework.mock.web.MockServletContext - Initializing Spring TestDispatcherServlet ''
19:00:11.763 [main] INFO org.springframework.test.web.servlet.TestDispatcherServlet - Initializing Servlet ''
19:00:11.763 [main] DEBUG org.springframework.test.web.servlet.TestDispatcherServlet - Detected AcceptHeaderLocaleResolver
19:00:11.763 [main] DEBUG org.springframework.test.web.servlet.TestDispatcherServlet - Detected FixedThemeResolver
19:00:11.763 [main] DEBUG org.springframework.test.web.servlet.TestDispatcherServlet - Detected org.springframework.web.servlet.view.DefaultRequestToViewNameTranslator@4745e9c
19:00:11.763 [main] DEBUG org.springframework.test.web.servlet.TestDispatcherServlet - Detected org.springframework.web.servlet.support.SessionFlashMapManager@2f2bff16
19:00:11.763 [main] DEBUG org.springframework.test.web.servlet.TestDispatcherServlet - enableLoggingRequestDetails='false': request parameters and headers will be masked to prevent unsafe logging of potentially sensitive data
19:00:11.763 [main] INFO org.springframework.test.web.servlet.TestDispatcherServlet - Completed initialization in 0 ms
19:00:11.763 [main] DEBUG com.epam.brest.rest.TrackDtoControllerTest - findAllTracksWithBandName()
19:00:11.766 [main] DEBUG org.springframework.test.web.servlet.TestDispatcherServlet - GET "/tracks_dto", parameters={}
19:00:11.766 [main] DEBUG org.springframework.web.servlet.mvc.method.annotation.RequestMappingHandlerMapping - Mapped to com.epam.brest.rest.TrackDtoController#findAllTracksWithBandName()
19:00:11.766 [main] DEBUG com.epam.brest.rest.TrackDtoController - trackDto()
19:00:11.767 [main] DEBUG org.springframework.web.servlet.mvc.method.annotation.RequestResponseBodyMethodProcessor - Using 'application/json', given [*/*] and supported [application/json, application/*+json]
19:00:11.777 [main] DEBUG org.springframework.web.servlet.mvc.method.annotation.RequestResponseBodyMethodProcessor - Writing [[Track{trackId=0, trackName='track0', trackBandName='band0', trackTempo='null', trackDuration='10000 (truncated)...]
19:00:11.782 [main] DEBUG org.springframework.test.web.servlet.TestDispatcherServlet - Completed 200 OK

MockHttpServletRequest:
      HTTP Method = GET
      Request URI = /tracks_dto
       Parameters = {}
          Headers = []
             Body = <no character encoding set>
    Session Attrs = {}

Handler:
             Type = com.epam.brest.rest.TrackDtoController
           Method = com.epam.brest.rest.TrackDtoController#findAllTracksWithBandName()

Async:
    Async started = false
     Async result = null

Resolved Exception:
             Type = null

ModelAndView:
        View name = null
             View = null
            Model = null

FlashMap:
       Attributes = null

MockHttpServletResponse:
           Status = 200
    Error message = null
          Headers = [Vary:"Origin", "Access-Control-Request-Method", "Access-Control-Request-Headers", Content-Type:"application/json"]
     Content type = application/json
             Body = [{"trackId":0,"trackName":"track0","trackBandName":"band0","trackTempo":null,"trackDuration":10000,"trackDetails":"track0details0","trackLink":"link0","trackReleaseDate":"2012-03-12"},{"trackId":1,"trackName":"track1","trackBandName":"band1","trackTempo":null,"trackDuration":10001,"trackDetails":"track1details1","trackLink":"link1","trackReleaseDate":"2013-03-12"}]
    Forwarded URL = null
   Redirected URL = null
          Cookies = []
19:00:11.784 [main] DEBUG com.jayway.jsonpath.internal.path.CompiledPath - Evaluating path: $[0]['trackId']
19:00:11.784 [main] DEBUG com.jayway.jsonpath.internal.path.CompiledPath - Evaluating path: $[0]['trackName']
19:00:11.785 [main] DEBUG com.jayway.jsonpath.internal.path.CompiledPath - Evaluating path: $[0]['trackDetails']
19:00:11.785 [main] DEBUG com.jayway.jsonpath.internal.path.CompiledPath - Evaluating path: $[0]['trackDuration']
19:00:11.785 [main] DEBUG com.jayway.jsonpath.internal.path.CompiledPath - Evaluating path: $[0]['trackBandName']
19:00:11.785 [main] DEBUG com.jayway.jsonpath.internal.path.CompiledPath - Evaluating path: $[0]['trackLink']
19:00:11.785 [main] DEBUG com.jayway.jsonpath.internal.path.CompiledPath - Evaluating path: $[0]['trackReleaseDate']
19:00:11.785 [main] DEBUG com.jayway.jsonpath.internal.path.CompiledPath - Evaluating path: $[1]['trackId']
19:00:11.786 [main] DEBUG com.jayway.jsonpath.internal.path.CompiledPath - Evaluating path: $[1]['trackName']
19:00:11.786 [main] DEBUG com.jayway.jsonpath.internal.path.CompiledPath - Evaluating path: $[1]['trackDetails']
19:00:11.786 [main] DEBUG com.jayway.jsonpath.internal.path.CompiledPath - Evaluating path: $[1]['trackDuration']
19:00:11.786 [main] DEBUG com.jayway.jsonpath.internal.path.CompiledPath - Evaluating path: $[1]['trackBandName']
19:00:11.786 [main] DEBUG com.jayway.jsonpath.internal.path.CompiledPath - Evaluating path: $[1]['trackLink']
19:00:11.786 [main] DEBUG com.jayway.jsonpath.internal.path.CompiledPath - Evaluating path: $[1]['trackReleaseDate']
]]></system-out>
  </testcase>
  <testcase name="shouldFindAllTracksWithReleaseDateFilter" classname="com.epam.brest.rest.TrackDtoControllerTest" time="0.025">
    <system-out><![CDATA[19:00:11.791 [main] DEBUG _org.springframework.web.servlet.HandlerMapping.Mappings - 
	c.e.b.r.TrackDtoController:
	{GET [/tracks_dto]}: findAllTracksWithBandName()
	{GET [/repertoire/filter]}: findAllTracksWithReleaseDateFilter(LocalDate,LocalDate)
19:00:11.791 [main] DEBUG org.springframework.web.servlet.mvc.method.annotation.RequestMappingHandlerMapping - 2 mappings in org.springframework.web.servlet.mvc.method.annotation.RequestMappingHandlerMapping
19:00:11.793 [main] DEBUG org.springframework.web.servlet.mvc.method.annotation.RequestMappingHandlerAdapter - ControllerAdvice beans: 0 @ModelAttribute, 0 @InitBinder, 1 RequestBodyAdvice, 1 ResponseBodyAdvice
19:00:11.794 [main] DEBUG org.springframework.web.servlet.mvc.method.annotation.ExceptionHandlerExceptionResolver - ControllerAdvice beans: 0 @ExceptionHandler, 1 ResponseBodyAdvice
19:00:11.794 [main] INFO org.springframework.mock.web.MockServletContext - Initializing Spring TestDispatcherServlet ''
19:00:11.794 [main] INFO org.springframework.test.web.servlet.TestDispatcherServlet - Initializing Servlet ''
19:00:11.794 [main] DEBUG org.springframework.test.web.servlet.TestDispatcherServlet - Detected AcceptHeaderLocaleResolver
19:00:11.794 [main] DEBUG org.springframework.test.web.servlet.TestDispatcherServlet - Detected FixedThemeResolver
19:00:11.794 [main] DEBUG org.springframework.test.web.servlet.TestDispatcherServlet - Detected org.springframework.web.servlet.view.DefaultRequestToViewNameTranslator@ff23ae7
19:00:11.794 [main] DEBUG org.springframework.test.web.servlet.TestDispatcherServlet - Detected org.springframework.web.servlet.support.SessionFlashMapManager@423b2b62
19:00:11.794 [main] DEBUG org.springframework.test.web.servlet.TestDispatcherServlet - enableLoggingRequestDetails='false': request parameters and headers will be masked to prevent unsafe logging of potentially sensitive data
19:00:11.794 [main] INFO org.springframework.test.web.servlet.TestDispatcherServlet - Completed initialization in 0 ms
19:00:11.795 [main] DEBUG com.epam.brest.rest.TrackDtoControllerTest - shouldFindAllTracksWithReleaseDateFilter()
19:00:11.796 [main] DEBUG org.springframework.test.web.servlet.TestDispatcherServlet - GET "/repertoire/filter", parameters={}
19:00:11.796 [main] DEBUG org.springframework.web.servlet.mvc.method.annotation.RequestMappingHandlerMapping - Mapped to com.epam.brest.rest.TrackDtoController#findAllTracksWithReleaseDateFilter(LocalDate, LocalDate)
19:00:11.805 [main] DEBUG com.epam.brest.rest.TrackDtoController - filterTrackByReleaseDate(null,null)
19:00:11.807 [main] DEBUG org.springframework.web.servlet.mvc.method.annotation.RequestResponseBodyMethodProcessor - Using 'application/json', given [*/*] and supported [application/json, application/*+json]
19:00:11.807 [main] DEBUG org.springframework.web.servlet.mvc.method.annotation.RequestResponseBodyMethodProcessor - Writing [[Track{trackId=0, trackName='track0', trackBandName='band0', trackTempo='null', trackDuration='10000 (truncated)...]
19:00:11.808 [main] DEBUG org.springframework.test.web.servlet.TestDispatcherServlet - Completed 200 OK

MockHttpServletRequest:
      HTTP Method = GET
      Request URI = /repertoire/filter
       Parameters = {}
          Headers = []
             Body = <no character encoding set>
    Session Attrs = {}

Handler:
             Type = com.epam.brest.rest.TrackDtoController
           Method = com.epam.brest.rest.TrackDtoController#findAllTracksWithReleaseDateFilter(LocalDate, LocalDate)

Async:
    Async started = false
     Async result = null

Resolved Exception:
             Type = null

ModelAndView:
        View name = null
             View = null
            Model = null

FlashMap:
       Attributes = null

MockHttpServletResponse:
           Status = 200
    Error message = null
          Headers = [Vary:"Origin", "Access-Control-Request-Method", "Access-Control-Request-Headers", Content-Type:"application/json"]
     Content type = application/json
             Body = [{"trackId":0,"trackName":"track0","trackBandName":"band0","trackTempo":null,"trackDuration":10000,"trackDetails":"track0details0","trackLink":"link0","trackReleaseDate":"2012-03-12"},{"trackId":1,"trackName":"track1","trackBandName":"band1","trackTempo":null,"trackDuration":10001,"trackDetails":"track1details1","trackLink":"link1","trackReleaseDate":"2013-03-12"}]
    Forwarded URL = null
   Redirected URL = null
          Cookies = []
19:00:11.810 [main] DEBUG com.jayway.jsonpath.internal.path.CompiledPath - Evaluating path: $[0]['trackId']
19:00:11.810 [main] DEBUG com.jayway.jsonpath.internal.path.CompiledPath - Evaluating path: $[0]['trackName']
19:00:11.810 [main] DEBUG com.jayway.jsonpath.internal.path.CompiledPath - Evaluating path: $[0]['trackDetails']
19:00:11.810 [main] DEBUG com.jayway.jsonpath.internal.path.CompiledPath - Evaluating path: $[0]['trackDuration']
19:00:11.810 [main] DEBUG com.jayway.jsonpath.internal.path.CompiledPath - Evaluating path: $[0]['trackBandName']
19:00:11.810 [main] DEBUG com.jayway.jsonpath.internal.path.CompiledPath - Evaluating path: $[0]['trackLink']
19:00:11.811 [main] DEBUG com.jayway.jsonpath.internal.path.CompiledPath - Evaluating path: $[0]['trackReleaseDate']
19:00:11.811 [main] DEBUG com.jayway.jsonpath.internal.path.CompiledPath - Evaluating path: $[1]['trackId']
19:00:11.811 [main] DEBUG com.jayway.jsonpath.internal.path.CompiledPath - Evaluating path: $[1]['trackName']
19:00:11.811 [main] DEBUG com.jayway.jsonpath.internal.path.CompiledPath - Evaluating path: $[1]['trackDetails']
19:00:11.811 [main] DEBUG com.jayway.jsonpath.internal.path.CompiledPath - Evaluating path: $[1]['trackDuration']
19:00:11.811 [main] DEBUG com.jayway.jsonpath.internal.path.CompiledPath - Evaluating path: $[1]['trackBandName']
19:00:11.811 [main] DEBUG com.jayway.jsonpath.internal.path.CompiledPath - Evaluating path: $[1]['trackLink']
19:00:11.811 [main] DEBUG com.jayway.jsonpath.internal.path.CompiledPath - Evaluating path: $[1]['trackReleaseDate']
]]></system-out>
  </testcase>
</testsuite>